[2015-01-01 14:14:27] requirements_osx_brew_libs_install
requirements_osx_brew_libs_install () 
{ 
    brew unlink "$@" || true;
    brew install "$@" || { 
        typeset ret=$?;
        rvm_warn "There were package installation errors, make sure to read the log.

Try \`brew tap --repair\` and make sure \`brew doctor\` looks reasonable.

Check Homebrew requirements https://github.com/Homebrew/homebrew/wiki/Installation";
        case "$_system_version" in 
            10.6)
                rvm_warn "
On OSX 10.6 instead of command line tools install:
    https://github.com/downloads/kennethreitz/osx-gcc-installer/GCC-10.6.pkg"
            ;;
        esac;
        return $ret
    }
}
current path: /Users/CloudFactory
PATH=/usr/local/bin:/usr/bin:/bin:/usr/sbin:/sbin:/Users/CloudFactory/.rvm/bin
command(7): requirements_osx_brew_libs_install autoconf automake libtool pkg-config gcc48 libksba
+ brew unlink autoconf automake libtool pkg-config gcc48 libksba
Error: No such keg: /usr/local/Cellar/autoconf
+ true
+ brew install autoconf automake libtool pkg-config gcc48 libksba
==> Downloading https://downloads.sf.net/project/machomebrew/Bottles/autoconf-2.69.yosemite.bottle.1.tar.gz
==> Pouring autoconf-2.69.yosemite.bottle.1.tar.gz
ðŸº  /usr/local/Cellar/autoconf/2.69: 70 files, 3.1M
==> Downloading https://downloads.sf.net/project/machomebrew/Bottles/automake-1.14.1.yosemite.bottle.tar.gz
==> Pouring automake-1.14.1.yosemite.bottle.tar.gz
ðŸº  /usr/local/Cellar/automake/1.14.1: 131 files, 3.2M
==> Downloading https://downloads.sf.net/project/machomebrew/Bottles/libtool-2.4.4.yosemite.bottle.tar.gz
==> Pouring libtool-2.4.4.yosemite.bottle.tar.gz
==> Caveats
In order to prevent conflicts with Apple's own libtool we have prepended a "g"
so, you have instead: glibtool and glibtoolize.
==> Summary
ðŸº  /usr/local/Cellar/libtool/2.4.4: 69 files, 3.8M
==> Downloading https://downloads.sf.net/project/machomebrew/Bottles/pkg-config-0.28.yosemite.bottle.2.tar.gz
==> Pouring pkg-config-0.28.yosemite.bottle.2.tar.gz
ðŸº  /usr/local/Cellar/pkg-config/0.28: 10 files, 612K
==> Installing gcc48 from homebrew/homebrew-versions
==> Installing dependencies for gcc48: gmp4, mpfr2, libmpc08, isl011, cloog018
==> Installing gcc48 dependency: gmp4
==> Downloading ftp://ftp.gmplib.org/pub/gmp-4.3.2/gmp-4.3.2.tar.bz2
==> Patching
patching file gmp-h.in
==> ./configure --prefix=/usr/local/Cellar/gmp4/4.3.2 --enable-cxx --build=x86_64-apple-darwin
==> make
==> make install
==> make check
==> Caveats
This formula is keg-only, which means it was not symlinked into /usr/local.

Conflicts with gmp in main repository.

Generally there are no consequences of this for you. If you build your
own software and it requires this formula, you'll need to add to your
build variables:

    LDFLAGS:  -L/usr/local/opt/gmp4/lib
    CPPFLAGS: -I/usr/local/opt/gmp4/include

==> Summary
ðŸº  /usr/local/Cellar/gmp4/4.3.2: 15 files, 2.5M, built in 4.3 minutes
==> Installing gcc48 dependency: mpfr2
==> Downloading http://www.mpfr.org/mpfr-2.4.2/mpfr-2.4.2.tar.bz2
==> Patching
==> ./configure --prefix=/usr/local/Cellar/mpfr2/2.4.2 --with-gmp=/usr/local/opt/gmp4 --build=x86_64-apple-darwin
==> make
==> make check
==> make install
==> Caveats
This formula is keg-only, which means it was not symlinked into /usr/local.

Conflicts with mpfr in main repository.

Generally there are no consequences of this for you. If you build your
own software and it requires this formula, you'll need to add to your
build variables:

    LDFLAGS:  -L/usr/local/opt/mpfr2/lib
    CPPFLAGS: -I/usr/local/opt/mpfr2/include

==> Summary
ðŸº  /usr/local/Cellar/mpfr2/2.4.2: 23 files, 2.8M, built in 103 seconds
==> Installing gcc48 dependency: libmpc08
==> Downloading http://multiprecision.org/mpc/download/mpc-0.8.1.tar.gz
==> Patching
==> ./configure --prefix=/usr/local/Cellar/libmpc08/0.8.1 --with-gmp=/usr/local/opt/gmp4 --with-mpfr=/usr/local/opt/mpfr2
==> make
==> make check
==> make install
==> Caveats
This formula is keg-only, which means it was not symlinked into /usr/local.

Conflicts with libmpc in main repository.

Generally there are no consequences of this for you. If you build your
own software and it requires this formula, you'll need to add to your
build variables:

    LDFLAGS:  -L/usr/local/opt/libmpc08/lib
    CPPFLAGS: -I/usr/local/opt/libmpc08/include

==> Summary
ðŸº  /usr/local/Cellar/libmpc08/0.8.1: 10 files, 304K, built in 53 seconds
==> Installing gcc48 dependency: isl011
==> Downloading http://isl.gforge.inria.fr/isl-0.11.1.tar.bz2
==> Patching
==> ./configure --disable-silent-rules --prefix=/usr/local/Cellar/isl011/0.11.1 --with-gmp=system --with-gmp-prefix=/usr/local/opt/gmp4
==> make install
==> Caveats
This formula is keg-only, which means it was not symlinked into /usr/local.

Conflicts with isl in main repository.

Generally there are no consequences of this for you. If you build your
own software and it requires this formula, you'll need to add to your
build variables:

    LDFLAGS:  -L/usr/local/opt/isl011/lib
    CPPFLAGS: -I/usr/local/opt/isl011/include

==> Summary
ðŸº  /usr/local/Cellar/isl011/0.11.1: 52 files, 2.9M, built in 35 seconds
==> Installing gcc48 dependency: cloog018
==> Downloading http://www.bastoul.net/cloog/pages/download/count.php3?url=./cloog-0.18.0.tar.gz
==> Patching
==> ./configure --prefix=/usr/local/Cellar/cloog018/0.18.0 --disable-silent-rules --with-gmp-prefix=/usr/local/opt/gmp4 --with-isl-prefix=/usr/local/opt/isl011
==> make install
==> Caveats
This formula is keg-only, which means it was not symlinked into /usr/local.

Conflicts with cloog in main repository.

Generally there are no consequences of this for you. If you build your
own software and it requires this formula, you'll need to add to your
build variables:

    LDFLAGS:  -L/usr/local/opt/cloog018/lib
    CPPFLAGS: -I/usr/local/opt/cloog018/include

==> Summary
ðŸº  /usr/local/Cellar/cloog018/0.18.0: 31 files, 552K, built in 32 seconds
==> Installing gcc48
==> Downloading https://downloads.sf.net/project/machomebrew/Bottles/versions/gcc48-4.8.4.yosemite.bottle.tar.gz
Error: Failed to download resource "gcc48"
Download failed: https://downloads.sf.net/project/machomebrew/Bottles/versions/gcc48-4.8.4.yosemite.bottle.tar.gz
Warning: Bottle installation failed: building from source.
==> Downloading http://ftpmirror.gnu.org/gcc/gcc-4.8.4/gcc-4.8.4.tar.bz2
