[2015-01-01 15:17:43] requirements_osx_brew_update_system
requirements_osx_brew_update_system () 
{ 
    if __rvm_version_compare "${_system_version}" -ge 10.7; then
        __rvm_detect_xcode_version_at_least 4.6.2 || __CLT_version_at_least 4.6.0 || { 
            typeset ret=$?;
            rvm_error "
Xcode version older than 4.6.2 installed, download and install newer version from:

    http://connect.apple.com

After installation open Xcode, go to Downloads and install Command Line Tools.
";
            return $ret
        };
    fi;
    brew update || { 
        typeset ret=$?;
        rvm_error "Failed to update Homebrew, follow instructions here:
    https://github.com/Homebrew/homebrew/wiki/Common-Issues
and make sure \`brew update\` works before continuing.";
        return $ret
    }
}
current path: /Users/CloudFactory
PATH=/usr/local/bin:/usr/bin:/bin:/usr/sbin:/sbin:/Users/CloudFactory/.rvm/bin
command(2): requirements_osx_brew_update_system 
+ __rvm_version_compare 10.10 -ge 10.7
+ typeset first
++ command printf %b '10.10\n10.7\n'
++ printf %b '10.10\n10.7\n'
++ __rvm_version_sort
++ LC_ALL=C
++ command sort -t. -k 1,1n -k 2,2n -k 3,3n -k 4,4n -k 5,5n
++ sort -t. -k 1,1n -k 2,2n -k 3,3n -k 4,4n -k 5,5n
++ command head -n1
++ head -n1
+ first=10.7
+ case "$2" in
+ [[ 10.7 == \h\e\a\d ]]
+ [[ 10.7 == \1\0\.\7 ]]
+ return 0
+ __rvm_detect_xcode_version_at_least 4.6.2
++ __rvm_detect_xcode_version
++ typeset version_file
++ for version_file in /Applications/Xcode.app/Contents/version.plist /Developer/Applications/Xcode.app/Contents/version.plist
++ [[ -f /Applications/Xcode.app/Contents/version.plist ]]
++ for version_file in /Applications/Xcode.app/Contents/version.plist /Developer/Applications/Xcode.app/Contents/version.plist
++ [[ -f /Developer/Applications/Xcode.app/Contents/version.plist ]]
++ builtin command -v xcodebuild
++ xcodebuild -version
++ __rvm_sed -n '/Xcode/ {s/Xcode //; p;}'
++ sed -n '/Xcode/ {s/Xcode //; p;}'
xcode-select: error: tool 'xcodebuild' requires Xcode, but active developer directory '/Library/Developer/CommandLineTools' is a command line tools instance
++ return 0
+ typeset __xcode_version=
+ [[ -n '' ]]
+ return 0
+ brew update
Already up-to-date.
