+__rvm_make:0> make install
config.status: creating x86_64-darwin14.0-fake.rb
	CC = gcc
	LD = ld
	LDSHARED = gcc -dynamiclib
	CFLAGS = -O3 -fno-fast-math -ggdb3 -Wall -Wextra -Wno-unused-parameter -Wno-parentheses -Wno-long-long -Wno-missing-field-initializers -Wunused-variable -Wpointer-arith -Wwrite-strings -Wdeclaration-after-statement -Wshorten-64-to-32 -Wimplicit-function-declaration -Wdivision-by-zero -Wextra-tokens   -fno-common -pipe 
	XCFLAGS = -D_FORTIFY_SOURCE=2 -fstack-protector -fno-strict-overflow -fvisibility=hidden -DRUBY_EXPORT
	CPPFLAGS = -I/usr/local/opt/libyaml/include -I/usr/local/opt/readline/include -I/usr/local/opt/libksba/include -I/usr/local/opt/openssl/include -D_XOPEN_SOURCE -D_DARWIN_C_SOURCE -D_DARWIN_UNLIMITED_SELECT -D_REENTRANT   -I. -I.ext/include/x86_64-darwin14.0 -I./include -I.
	DLDFLAGS = -Wl,-undefined,dynamic_lookup -Wl,-multiply_defined,suppress -L/usr/local/opt/libyaml/lib -L/usr/local/opt/readline/lib -L/usr/local/opt/libksba/lib -L/usr/local/opt/openssl/lib  -install_name /Users/CloudFactory/.rvm/rubies/ruby-2.1.4/lib/libruby.2.1.0.dylib -current_version 2.1.0 -compatibility_version 2.1.0  -fstack-protector -Wl,-u,_objc_msgSend -framework CoreFoundation  -fstack-protector -Wl,-u,_objc_msgSend -framework CoreFoundation  
	SOLIBS = -lpthread -ldl -lobjc 
Configured with: --prefix=/Library/Developer/CommandLineTools/usr --with-gxx-include-dir=/usr/include/c++/4.2.1
Apple LLVM version 6.0 (clang-600.0.56) (based on LLVM 3.5svn)
Target: x86_64-apple-darwin14.0.0
Thread model: posix
generating encdb.h
encdb.h unchanged
making enc
make[1]: Nothing to be done for `enc'.
making srcs under enc
make[1]: Nothing to be done for `srcs'.
generating transdb.h
transdb.h unchanged
making trans
make[1]: Nothing to be done for `./enc/trans'.
making encs
generating makefile exts.mk
Failed to configure -test-/win32/dln. It will not be installed.
Failed to configure -test-/win32/dln/empty. It will not be installed.
Failed to configure -test-/win32/fd_setsize. It will not be installed.
configuring socket
Failed to configure win32. It will not be installed.
Failed to configure win32ole. It will not be installed.
installing default resize libraries
installing default bignum libraries
installing default bug libraries
installing default bug libraries
installing default bug libraries
installing default bug_reporter libraries
installing default class libraries
installing default debug libraries
installing default exception libraries
installing default rb_fatal libraries
installing default file libraries
installing default funcall libraries
installing default iter libraries
installing default dot.dot libraries
installing default compat libraries
installing default usr libraries
installing default method libraries
installing default num2int libraries
installing default old_thread_select libraries
installing default path_to_class libraries
installing default postponed_job libraries
installing default printf libraries
installing default rational libraries
installing default recursion libraries
installing default numhash libraries
installing default update libraries
installing default string libraries
installing default struct libraries
installing default symbol libraries
installing default tracepoint libraries
installing default typeddata libraries
installing default wait_for_single_fd libraries
make[2]: Nothing to be done for `all'.
make[2]: Nothing to be done for `all'.
make[2]: Nothing to be done for `all'.
installing default bigdecimal libraries
installing default continuation libraries
installing default coverage libraries
installing default date_core libraries
installing default dbm libraries
installing digest libraries
installing default digest libraries
installing default bubblebabble libraries
installing default md5 libraries
installing default rmd160 libraries
installing default sha1 libraries
installing default sha2 libraries
installing dl libraries
installing default dl libraries
installing default callback libraries
installing default etc libraries
installing default fcntl libraries
installing default fiber libraries
installing default fiddle libraries
installing default gdbm libraries
installing default console libraries
installing default nonblock libraries
installing default wait libraries
installing default libraries
installing default generator libraries
installing default parser libraries
installing default complex libraries
installing default rational libraries
installing default nkf libraries
installing default objspace libraries
installing default openssl libraries
installing default pathname libraries
installing default psych libraries
installing default pty libraries
installing default cparse libraries
installing default sizeof libraries
installing default readline libraries
linking shared-object ripper.bundle
installing default ripper libraries
checking ../.././parse.y and ../.././ext/ripper/eventids2.c
installing default sdbm libraries
linking shared-object socket.bundle
installing default socket libraries
installing default stringio libraries
installing default strscan libraries
installing default syslog libraries
installing default thread libraries
installing tcltklib libraries
installing default tcltklib libraries
installing default tkutil libraries
make[2]: Nothing to be done for `all'.
make[2]: Nothing to be done for `all'.
installing default zlib libraries
make[2]: `ruby' is up to date.
./miniruby -I./lib -I. -I.ext/common  ./tool/runruby.rb --extout=.ext  -- --disable-gems -r./x86_64-darwin14.0-fake ./tool/rbinstall.rb --make="/Library/Developer/CommandLineTools/usr/bin/make" --dest-dir="" --extout=".ext" --mflags="" --make-flags="" --data-mode=0644 --prog-mode=0755 --installed-list .installed.list --mantype="doc"
installing binary commands:   /Users/CloudFactory/.rvm/rubies/ruby-2.1.4/bin
installing base libraries:    /Users/CloudFactory/.rvm/rubies/ruby-2.1.4/lib
installing arch files:        /Users/CloudFactory/.rvm/rubies/ruby-2.1.4/lib/ruby/2.1.0/x86_64-darwin14.0
installing pkgconfig data:    /Users/CloudFactory/.rvm/rubies/ruby-2.1.4/lib/pkgconfig
installing command scripts:   /Users/CloudFactory/.rvm/rubies/ruby-2.1.4/bin
installing library scripts:   /Users/CloudFactory/.rvm/rubies/ruby-2.1.4/lib/ruby/2.1.0
installing common headers:    /Users/CloudFactory/.rvm/rubies/ruby-2.1.4/include/ruby-2.1.0
installing manpages:          /Users/CloudFactory/.rvm/rubies/ruby-2.1.4/share/man/man1
installing extension objects: /Users/CloudFactory/.rvm/rubies/ruby-2.1.4/lib/ruby/2.1.0/x86_64-darwin14.0
installing extension objects: /Users/CloudFactory/.rvm/rubies/ruby-2.1.4/lib/ruby/site_ruby/2.1.0/x86_64-darwin14.0
installing extension objects: /Users/CloudFactory/.rvm/rubies/ruby-2.1.4/lib/ruby/vendor_ruby/2.1.0/x86_64-darwin14.0
installing extension headers: /Users/CloudFactory/.rvm/rubies/ruby-2.1.4/include/ruby-2.1.0/x86_64-darwin14.0
installing extension scripts: /Users/CloudFactory/.rvm/rubies/ruby-2.1.4/lib/ruby/2.1.0
installing extension scripts: /Users/CloudFactory/.rvm/rubies/ruby-2.1.4/lib/ruby/site_ruby/2.1.0
installing extension scripts: /Users/CloudFactory/.rvm/rubies/ruby-2.1.4/lib/ruby/vendor_ruby/2.1.0
installing extension headers: /Users/CloudFactory/.rvm/rubies/ruby-2.1.4/include/ruby-2.1.0/ruby
installing default gems:      /Users/CloudFactory/.rvm/rubies/ruby-2.1.4/lib/ruby/gems/2.1.0 (build_info, cache, doc, extensions, gems, specifications)
                              bigdecimal 1.2.4
                              io-console 0.4.2
                              json 1.8.1
                              minitest 4.7.5
                              psych 2.0.5
                              rake 10.1.0
                              rdoc 4.1.0
                              test-unit 2.1.4.0
