+__rvm_make:0> make install
+make:1> zstyle -t :prezto:module:utility:make color
+make:2> ((  0  ))
+make:5> make install
	CC = /usr/local/opt/gcc48/bin/gcc-4.8
	LD = ld
	LDSHARED = /usr/local/opt/gcc48/bin/gcc-4.8 -dynamiclib
	CFLAGS = -O3 -ggdb -Wall -Wextra -Wno-unused-parameter -Wno-parentheses -Wno-long-long -Wno-missing-field-initializers -Wpointer-arith -Wwrite-strings -Wdeclaration-after-statement -Wimplicit-function-declaration  -fno-common -pipe 
	XCFLAGS = -include ruby/config.h -include ruby/missing.h -fvisibility=hidden -DRUBY_EXPORT
	CPPFLAGS = -D_XOPEN_SOURCE -D_DARWIN_C_SOURCE   -I/usr/local/opt/libyaml/include -I/usr/local/opt/readline/include -I/usr/local/opt/libksba/include -I/usr/local/opt/openssl/include -I. -I.ext/include/x86_64-darwin14.0.0 -I./include -I.
	DLDFLAGS = -Wl,-undefined,dynamic_lookup -Wl,-multiply_defined,suppress -Wl,-flat_namespace -install_name /Users/CloudFactory/.rvm/rubies/ruby-1.9.3-p551/lib/libruby.1.9.1.dylib -current_version 1.9.1 -compatibility_version 1.9.1  -Wl,-u,_objc_msgSend   
	SOLIBS = 
generating encdb.h
encdb.h unchanged
making enc
make[1]: Nothing to be done for `enc'.
making srcs under enc
make[1]: Nothing to be done for `srcs'.
generating transdb.h
transdb.h unchanged
making trans
make[1]: Nothing to be done for `./enc/trans'.
making encs
installing default resize libraries
installing default bug libraries
installing default bug libraries
installing default funcall libraries
installing default dot.dot libraries
installing default old_thread_select libraries
installing default numhash libraries
installing default string libraries
installing default wait_for_single_fd libraries
make[2]: Nothing to be done for `all'.
make[2]: Nothing to be done for `all'.
installing default bigdecimal libraries
installing default continuation libraries
installing default coverage libraries
installing default curses libraries
installing default date_core libraries
installing default dbm libraries
installing digest libraries
installing default digest libraries
installing default bubblebabble libraries
installing default md5 libraries
installing default rmd160 libraries
installing default sha1 libraries
installing default sha2 libraries
installing dl libraries
installing default dl libraries
installing default callback libraries
make[2]: Nothing to be done for `all'.
installing default etc libraries
installing default fcntl libraries
installing default fiber libraries
installing default fiddle libraries
installing default gdbm libraries
installing default iconv libraries
installing default console libraries
installing default nonblock libraries
installing default wait libraries
installing default libraries
installing default generator libraries
installing default parser libraries
installing default complex libraries
installing default rational libraries
installing default nkf libraries
installing default objspace libraries
installing default openssl libraries
installing default pathname libraries
installing default psych libraries
installing default pty libraries
installing default cparse libraries
installing default readline libraries
installing default ripper libraries
checking ../.././parse.y and ../.././ext/ripper/eventids2.c
installing default sdbm libraries
installing default socket libraries
installing default stringio libraries
installing default strscan libraries
installing default syck libraries
installing default syslog libraries
make[2]: Nothing to be done for `all'.
make[2]: Nothing to be done for `all'.
installing default zlib libraries
make[2]: `ruby' is up to date.
./miniruby -I./lib -I. -I.ext/common  ./tool/rbinstall.rb --make="/Library/Developer/CommandLineTools/usr/bin/make" --dest-dir="" --extout=".ext" --mflags="" --make-flags="" --data-mode=0644 --prog-mode=0755 --installed-list .installed.list --mantype="doc"
installing binary commands:   /Users/CloudFactory/.rvm/rubies/ruby-1.9.3-p551/bin
installing base libraries:    /Users/CloudFactory/.rvm/rubies/ruby-1.9.3-p551/lib
installing arch files:        /Users/CloudFactory/.rvm/rubies/ruby-1.9.3-p551/lib/ruby/1.9.1/x86_64-darwin14.0.0
installing pkgconfig data:    /Users/CloudFactory/.rvm/rubies/ruby-1.9.3-p551/lib/pkgconfig
installing command scripts:   /Users/CloudFactory/.rvm/rubies/ruby-1.9.3-p551/bin
installing library scripts:   /Users/CloudFactory/.rvm/rubies/ruby-1.9.3-p551/lib/ruby/1.9.1
installing common headers:    /Users/CloudFactory/.rvm/rubies/ruby-1.9.3-p551/include/ruby-1.9.1
installing manpages:          /Users/CloudFactory/.rvm/rubies/ruby-1.9.3-p551/share/man/man1
installing extension objects: /Users/CloudFactory/.rvm/rubies/ruby-1.9.3-p551/lib/ruby/1.9.1/x86_64-darwin14.0.0
installing extension objects: /Users/CloudFactory/.rvm/rubies/ruby-1.9.3-p551/lib/ruby/site_ruby/1.9.1/x86_64-darwin14.0.0
installing extension objects: /Users/CloudFactory/.rvm/rubies/ruby-1.9.3-p551/lib/ruby/vendor_ruby/1.9.1/x86_64-darwin14.0.0
installing extension headers: /Users/CloudFactory/.rvm/rubies/ruby-1.9.3-p551/include/ruby-1.9.1/x86_64-darwin14.0.0
installing extension scripts: /Users/CloudFactory/.rvm/rubies/ruby-1.9.3-p551/lib/ruby/1.9.1
installing extension scripts: /Users/CloudFactory/.rvm/rubies/ruby-1.9.3-p551/lib/ruby/site_ruby/1.9.1
installing extension scripts: /Users/CloudFactory/.rvm/rubies/ruby-1.9.3-p551/lib/ruby/vendor_ruby/1.9.1
installing extension headers: /Users/CloudFactory/.rvm/rubies/ruby-1.9.3-p551/include/ruby-1.9.1/ruby
installing default gems:      /Users/CloudFactory/.rvm/rubies/ruby-1.9.3-p551/lib/ruby/gems/1.9.1 (cache, doc, gems, specifications)
                              rake 0.9.2.2
                              rdoc 3.9.5
                              minitest 2.5.1
                              json 1.5.5
                              io-console 0.3
                              bigdecimal 1.1.0
