+__rvm_make:0> make -j 1
+make:20> make -j 1
+make:1> zstyle -t :prezto:module:utility:make color
+make:2> ((  0  ))
+make:5> make -j 1
	CC = /usr/local/opt/gcc48/bin/gcc-4.8
	LD = ld
	LDSHARED = /usr/local/opt/gcc48/bin/gcc-4.8 -dynamiclib
	CFLAGS = -O3 -ggdb -Wall -Wextra -Wno-unused-parameter -Wno-parentheses -Wno-long-long -Wno-missing-field-initializers -Wpointer-arith -Wwrite-strings -Wdeclaration-after-statement -Wimplicit-function-declaration  -fno-common -pipe 
	XCFLAGS = -include ruby/config.h -include ruby/missing.h -fvisibility=hidden -DRUBY_EXPORT
	CPPFLAGS = -D_XOPEN_SOURCE -D_DARWIN_C_SOURCE   -I/usr/local/opt/libyaml/include -I/usr/local/opt/readline/include -I/usr/local/opt/libksba/include -I/usr/local/opt/openssl/include -I. -I.ext/include/x86_64-darwin14.0.0 -I./include -I.
	DLDFLAGS = -Wl,-undefined,dynamic_lookup -Wl,-multiply_defined,suppress -Wl,-flat_namespace -install_name /Users/CloudFactory/.rvm/rubies/ruby-1.9.3-p551/lib/libruby.1.9.1.dylib -current_version 1.9.1 -compatibility_version 1.9.1  -Wl,-u,_objc_msgSend   
	SOLIBS = 
compiling main.c
compiling dmydln.c
compiling dmyencoding.c
compiling version.c
compiling dmyversion.c
compiling miniprelude.c
compiling array.c
compiling bignum.c
bignum.c: In function 'big_rshift':
bignum.c:3532:20: warning: variable 'save_x' set but not used [-Wunused-but-set-variable]
     volatile VALUE save_x;
                    ^
compiling class.c
class.c: In function 'rb_obj_methods':
class.c:1020:8: warning: variable 'args' set but not used [-Wunused-but-set-variable]
  VALUE args[1];
        ^
compiling compar.c
compiling complex.c
compiling dir.c
dir.c: In function 'dir_open_dir':
dir.c:1852:22: warning: variable 'dirp' set but not used [-Wunused-but-set-variable]
     struct dir_data *dirp;
                      ^
compiling dln_find.c
compiling enum.c
compiling enumerator.c
compiling error.c
compiling eval.c
compiling load.c
compiling proc.c
proc.c: In function 'binding_free':
proc.c:241:19: warning: variable 'bind' set but not used [-Wunused-but-set-variable]
     rb_binding_t *bind;
                   ^
compiling file.c
compiling gc.c
gc.c: In function 'objspace_each_objects':
gc.c:2721:20: warning: variable 'v' set but not used [-Wunused-but-set-variable]
     volatile VALUE v;
                    ^
compiling hash.c
compiling inits.c
compiling io.c
io.c: In function 'rb_io_each_byte':
io.c:3118:15: warning: variable 'e' set but not used [-Wunused-but-set-variable]
     char *p, *e;
               ^
io.c: In function 'pipe_open':
io.c:5357:12: warning: variable 'argv' set but not used [-Wunused-but-set-variable]
     VALUE *argv;
            ^
io.c:5356:9: warning: variable 'argc' set but not used [-Wunused-but-set-variable]
     int argc;
         ^
io.c: In function 'rb_io_advise':
io.c:7943:16: warning: variable 'l' set but not used [-Wunused-but-set-variable]
     off_t off, l;
                ^
io.c:7943:11: warning: variable 'off' set but not used [-Wunused-but-set-variable]
     off_t off, l;
           ^
compiling marshal.c
compiling math.c
compiling node.c
compiling numeric.c
numeric.c: In function 'flo_is_finite_p':
numeric.c:1409:5: warning: 'finite' is deprecated (declared at /usr/local/Cellar/gcc48/4.8.4/lib/gcc/4.8/gcc/x86_64-apple-darwin14.1.0/4.8.4/include-fixed/math.h:733) [-Wdeprecated-declarations]
     if (!finite(value))
     ^
compiling object.c
compiling pack.c
pack.c: In function 'pack_pack':
pack.c:381:9: warning: variable 'signed_p' set but not used [-Wunused-but-set-variable]
     int signed_p, integer_size, bigendian_p;
         ^
compiling parse.c
parse.y: In function 'parser_compile_string':
parse.y:5309:20: warning: variable 'tmp' set but not used [-Wunused-but-set-variable]
     volatile VALUE tmp;
                    ^
parse.y: In function 'rb_parser_compile_file':
parse.y:5370:20: warning: variable 'tmp' set but not used [-Wunused-but-set-variable]
     volatile VALUE tmp;
                    ^
compiling process.c
process.c: In function 'rb_proc_exec_n':
process.c:1134:9: warning: variable 'ret' set but not used [-Wunused-but-set-variable]
     int ret = -1;
         ^
process.c: In function 'rb_seteuid_core':
process.c:5200:14: warning: variable 'uid' set but not used [-Wunused-but-set-variable]
     rb_uid_t uid;
              ^
process.c: In function 'rb_setegid_core':
process.c:5320:14: warning: variable 'gid' set but not used [-Wunused-but-set-variable]
     rb_gid_t gid;
              ^
process.c: In function 'p_uid_exchange':
process.c:5411:19: warning: variable 'euid' set but not used [-Wunused-but-set-variable]
     rb_uid_t uid, euid;
                   ^
process.c: In function 'p_gid_exchange':
process.c:5468:19: warning: variable 'egid' set but not used [-Wunused-but-set-variable]
     rb_gid_t gid, egid;
                   ^
compiling random.c
compiling range.c
compiling rational.c
compiling re.c
compiling regcomp.c
regcomp.c: In function 'is_not_included':
regcomp.c:2436:13: warning: variable 'c' set but not used [-Wunused-but-set-variable]
   UChar *p, c;
             ^
regcomp.c: In function 'update_string_node_case_fold':
regcomp.c:3226:14: warning: variable 'q' set but not used [-Wunused-but-set-variable]
   UChar *p, *q, *end, buf[ONIGENC_MBC_CASE_FOLD_MAXLEN];
              ^
compiling regenc.c
compiling regerror.c
compiling regexec.c
compiling regparse.c
regparse.c: In function 'fetch_escaped_value':
regparse.c:261:30: warning: variable 'pfetch_prev' set but not used [-Wunused-but-set-variable]
 #define PFETCH_READY  UChar* pfetch_prev
                              ^
regparse.c:2452:3: note: in expansion of macro 'PFETCH_READY'
   PFETCH_READY;
   ^
regparse.c: In function 'fetch_name':
regparse.c:261:30: warning: variable 'pfetch_prev' set but not used [-Wunused-but-set-variable]
 #define PFETCH_READY  UChar* pfetch_prev
                              ^
regparse.c:2665:3: note: in expansion of macro 'PFETCH_READY'
   PFETCH_READY;
   ^
regparse.c: In function 'parse_posix_bracket':
regparse.c:261:30: warning: variable 'pfetch_prev' set but not used [-Wunused-but-set-variable]
 #define PFETCH_READY  UChar* pfetch_prev
                              ^
regparse.c:4044:3: note: in expansion of macro 'PFETCH_READY'
   PFETCH_READY;
   ^
regparse.c: In function 'fetch_char_property_to_ctype':
regparse.c:261:30: warning: variable 'pfetch_prev' set but not used [-Wunused-but-set-variable]
 #define PFETCH_READY  UChar* pfetch_prev
                              ^
regparse.c:4097:3: note: in expansion of macro 'PFETCH_READY'
   PFETCH_READY;
   ^
regparse.c: In function 'code_exist_check':
regparse.c:261:30: warning: variable 'pfetch_prev' set but not used [-Wunused-but-set-variable]
 #define PFETCH_READY  UChar* pfetch_prev
                              ^
regparse.c:4262:3: note: in expansion of macro 'PFETCH_READY'
   PFETCH_READY;
   ^
compiling regsyntax.c
compiling ruby.c
compiling safe.c
compiling signal.c
signal.c: In function 'trap_handler':
signal.c:826:17: warning: variable 'proc' set but not used [-Wunused-but-set-variable]
      rb_proc_t *proc;
                 ^
compiling sprintf.c
compiling st.c
compiling strftime.c
compiling string.c
compiling struct.c
compiling time.c
compiling transcode.c
transcode.c: In function 'rb_econv_open0':
transcode.c:985:25: warning: variable 'denc' set but not used [-Wunused-but-set-variable]
     rb_encoding *senc, *denc;
                         ^
transcode.c:985:18: warning: variable 'senc' set but not used [-Wunused-but-set-variable]
     rb_encoding *senc, *denc;
                  ^
transcode.c: In function 'make_replacement':
transcode.c:2177:18: warning: variable 'enc' set but not used [-Wunused-but-set-variable]
     rb_encoding *enc;
                  ^
compiling util.c
compiling variable.c
compiling compile.c
compile.c: In function 'validate_label':
compile.c:444:10: warning: variable 'ret' set but not used [-Wunused-but-set-variable]
      int ret;
          ^
compile.c: In function 'iseq_compile_each':
compile.c:3320:5: warning: variable 'mid' set but not used [-Wunused-but-set-variable]
  ID mid = 0;
     ^
compile.c: In function 'iseq_build_from_ary_exception':
compile.c:5273:6: warning: variable 'sp' set but not used [-Wunused-but-set-variable]
  int sp;
      ^
compiling debug.c
compiling iseq.c
In file included from vm_core.h:25:0,
                 from iseq.c:17:
iseq.c: In function 'iseq_load':
iseq.c:505:54: warning: dereferencing type-punned pointer will break strict-aliasing rules [-Wstrict-aliasing]
  cached_map = ATOMIC_PTR_CAS(type_map_cache, (struct st_table *)0, type_map);
                                                      ^
ruby_atomic.h:23:24: note: in definition of macro 'ATOMIC_SIZE_CAS'
 ({ size_t oldvaldup = (oldval); \
                        ^
iseq.c:505:15: note: in expansion of macro 'ATOMIC_PTR_CAS'
  cached_map = ATOMIC_PTR_CAS(type_map_cache, (struct st_table *)0, type_map);
               ^
iseq.c:448:51: warning: variable 'misc' set but not used [-Wunused-but-set-variable]
     VALUE magic, version1, version2, format_type, misc;
                                                   ^
iseq.c:448:38: warning: variable 'format_type' set but not used [-Wunused-but-set-variable]
     VALUE magic, version1, version2, format_type, misc;
                                      ^
iseq.c:448:28: warning: variable 'version2' set but not used [-Wunused-but-set-variable]
     VALUE magic, version1, version2, format_type, misc;
                            ^
iseq.c:448:18: warning: variable 'version1' set but not used [-Wunused-but-set-variable]
     VALUE magic, version1, version2, format_type, misc;
                  ^
iseq.c:448:11: warning: variable 'magic' set but not used [-Wunused-but-set-variable]
     VALUE magic, version1, version2, format_type, misc;
           ^
iseq.c: In function 'rb_iseq_parameters':
iseq.c:1390:15: warning: variable 's' set but not used [-Wunused-but-set-variable]
     int i, r, s;
               ^
compiling vm.c
In file included from vm.c:23:0:
vm_insnhelper.c: In function 'vm_expandarray':
vm_insnhelper.c:1634:20: warning: variable 'tmp_ary' set but not used [-Wunused-but-set-variable]
     volatile VALUE tmp_ary;
                    ^
In file included from vm.c:28:0:
vm_eval.c: In function 'raise_method_missing':
vm_eval.c:509:8: warning: variable 'id' set but not used [-Wunused-but-set-variable]
     ID id;
        ^
vm.c: In function 'rb_iseq_eval':
vm.c:1460:20: warning: variable 'tmp' set but not used [-Wunused-but-set-variable]
     volatile VALUE tmp;
                    ^
vm.c: In function 'rb_iseq_eval_main':
vm.c:1474:20: warning: variable 'tmp' set but not used [-Wunused-but-set-variable]
     volatile VALUE tmp;
                    ^
In file included from vm.c:28:0:
vm_eval.c: In function 'rb_catch_obj.constprop.52':
vm_eval.c:1558:20: warning: argument 'tag' might be clobbered by 'longjmp' or 'vfork' [-Wclobbered]
 rb_catch_obj(VALUE tag, VALUE (*func)(), VALUE data)
                    ^
compiling vm_dump.c
compiling thread.c
In file included from thread.c:217:0:
thread.c: In function 'rb_mutex_lock.part.33':
thread_pthread.c:388:8: warning: assuming signed overflow does not occur when assuming that (X + c) < X is always false [-Wstrict-overflow]
     if (timeout.tv_sec < now.tv_sec)
        ^
compiling cont.c
cont.c: In function 'cont_capture':
cont.c:429:20: warning: variable 'contval' set but not used [-Wunused-but-set-variable]
     volatile VALUE contval;
                    ^
compiling ./enc/ascii.c
compiling ./enc/us_ascii.c
compiling ./enc/unicode.c
compiling ./enc/utf_8.c
compiling newline.c
compiling ./missing/setproctitle.c
compiling dmyext.c
linking miniruby
rbconfig.rb updated
generating enc.mk
compiling dln.c
compiling encoding.c
generating prelude.c
compiling prelude.c
linking static-library libruby.1.9.1-static.a
linking shared-library libruby.1.9.1.dylib
generating encdb.h
encdb.h unchanged
making enc
compiling ./enc/encdb.c
linking encoding encdb.bundle
compiling ./enc/big5.c
linking encoding big5.bundle
compiling ./enc/cp949.c
linking encoding cp949.bundle
compiling ./enc/emacs_mule.c
linking encoding emacs_mule.bundle
compiling ./enc/euc_jp.c
linking encoding euc_jp.bundle
compiling ./enc/euc_kr.c
linking encoding euc_kr.bundle
compiling ./enc/euc_tw.c
linking encoding euc_tw.bundle
compiling ./enc/gb2312.c
linking encoding gb2312.bundle
compiling ./enc/gb18030.c
linking encoding gb18030.bundle
compiling ./enc/gbk.c
linking encoding gbk.bundle
compiling ./enc/iso_8859_1.c
linking encoding iso_8859_1.bundle
compiling ./enc/iso_8859_2.c
linking encoding iso_8859_2.bundle
compiling ./enc/iso_8859_3.c
linking encoding iso_8859_3.bundle
compiling ./enc/iso_8859_4.c
linking encoding iso_8859_4.bundle
compiling ./enc/iso_8859_5.c
linking encoding iso_8859_5.bundle
compiling ./enc/iso_8859_6.c
linking encoding iso_8859_6.bundle
compiling ./enc/iso_8859_7.c
linking encoding iso_8859_7.bundle
compiling ./enc/iso_8859_8.c
linking encoding iso_8859_8.bundle
compiling ./enc/iso_8859_9.c
linking encoding iso_8859_9.bundle
compiling ./enc/iso_8859_10.c
linking encoding iso_8859_10.bundle
compiling ./enc/iso_8859_11.c
linking encoding iso_8859_11.bundle
compiling ./enc/iso_8859_13.c
linking encoding iso_8859_13.bundle
compiling ./enc/iso_8859_14.c
linking encoding iso_8859_14.bundle
compiling ./enc/iso_8859_15.c
linking encoding iso_8859_15.bundle
compiling ./enc/iso_8859_16.c
linking encoding iso_8859_16.bundle
compiling ./enc/koi8_r.c
linking encoding koi8_r.bundle
compiling ./enc/koi8_u.c
linking encoding koi8_u.bundle
compiling ./enc/shift_jis.c
linking encoding shift_jis.bundle
compiling ./enc/utf_16be.c
linking encoding utf_16be.bundle
compiling ./enc/utf_16le.c
linking encoding utf_16le.bundle
compiling ./enc/utf_32be.c
linking encoding utf_32be.bundle
compiling ./enc/utf_32le.c
linking encoding utf_32le.bundle
compiling ./enc/windows_1251.c
linking encoding windows_1251.bundle
making srcs under enc
make[1]: Nothing to be done for `srcs'.
generating transdb.h
transdb.h unchanged
making trans
compiling ./enc/trans/transdb.c
linking transcoder transdb.bundle
compiling ./enc/trans/big5.c
linking transcoder big5.bundle
compiling ./enc/trans/chinese.c
linking transcoder chinese.bundle
compiling ./enc/trans/emoji.c
linking transcoder emoji.bundle
compiling ./enc/trans/emoji_iso2022_kddi.c
linking transcoder emoji_iso2022_kddi.bundle
compiling ./enc/trans/emoji_sjis_docomo.c
linking transcoder emoji_sjis_docomo.bundle
compiling ./enc/trans/emoji_sjis_kddi.c
linking transcoder emoji_sjis_kddi.bundle
compiling ./enc/trans/emoji_sjis_softbank.c
linking transcoder emoji_sjis_softbank.bundle
compiling ./enc/trans/escape.c
linking transcoder escape.bundle
compiling ./enc/trans/gb18030.c
linking transcoder gb18030.bundle
compiling ./enc/trans/gbk.c
linking transcoder gbk.bundle
compiling ./enc/trans/iso2022.c
linking transcoder iso2022.bundle
compiling ./enc/trans/japanese.c
linking transcoder japanese.bundle
compiling ./enc/trans/japanese_euc.c
linking transcoder japanese_euc.bundle
compiling ./enc/trans/japanese_sjis.c
linking transcoder japanese_sjis.bundle
compiling ./enc/trans/korean.c
linking transcoder korean.bundle
compiling ./enc/trans/single_byte.c
linking transcoder single_byte.bundle
compiling ./enc/trans/utf8_mac.c
linking transcoder utf8_mac.bundle
compiling ./enc/trans/utf_16_32.c
linking transcoder utf_16_32.bundle
making encs
configuring -test-/array/resize
configuring -test-/bug-3571
configuring -test-/bug-3662
configuring -test-/funcall
configuring -test-/load/dot.dot
configuring -test-/old_thread_select
configuring -test-/st/numhash
configuring -test-/string
configuring -test-/wait_for_single_fd
configuring -test-/win32/dln
Failed to configure -test-/win32/dln. It will not be installed.
configuring -test-/win32/fd_setsize
Failed to configure -test-/win32/fd_setsize. It will not be installed.
configuring bigdecimal
configuring continuation
configuring coverage
configuring curses
configuring date
configuring dbm
configuring digest
configuring digest/bubblebabble
configuring digest/md5
configuring digest/rmd160
configuring digest/sha1
configuring digest/sha2
configuring dl
configuring dl/callback
configuring dl/win32
Failed to configure dl/win32. It will not be installed.
configuring etc
configuring fcntl
configuring fiber
configuring fiddle
configuring gdbm
configuring iconv
configuring io/console
configuring io/nonblock
configuring io/wait
configuring json
configuring json/generator
configuring json/parser
configuring mathn/complex
configuring mathn/rational
configuring nkf
configuring objspace
configuring openssl
configuring pathname
configuring psych
configuring pty
configuring racc/cparse
configuring readline
configuring ripper
configuring sdbm
configuring socket
configuring stringio
configuring strscan
configuring syck
configuring syslog
configuring tk/tkutil
Failed to configure tk/tkutil. It will not be installed.
configuring win32ole
Failed to configure win32ole. It will not be installed.
configuring zlib
compiling resize.c
linking shared-object -test-/array/resize.bundle
installing default resize libraries
compiling bug.c
linking shared-object -test-/bug-3571/bug.bundle
installing default bug libraries
compiling bug.c
linking shared-object -test-/bug-3662/bug.bundle
installing default bug libraries
compiling passing_block.c
linking shared-object -test-/funcall/funcall.bundle
installing default funcall libraries
compiling dot.dot.c
linking shared-object -test-/load/dot.dot/dot.dot.bundle
installing default dot.dot libraries
compiling old_thread_select.c
old_thread_select.c: In function 'old_thread_select':
old_thread_select.c:57:5: warning: 'rb_thread_select' is deprecated (declared at ../../.././include/ruby/intern.h:390) [-Wdeprecated-declarations]
     rc = rb_thread_select(max, rp, wp, ep, tvp);
     ^
linking shared-object -test-/old_thread_select/old_thread_select.bundle
installing default old_thread_select libraries
compiling numhash.c
linking shared-object -test-/st/numhash.bundle
installing default numhash libraries
compiling cstr.c
compiling ellipsize.c
compiling enc_associate.c
compiling init.c
compiling modify.c
compiling set_len.c
linking shared-object -test-/string/string.bundle
installing default string libraries
compiling wait_for_single_fd.c
linking shared-object -test-/wait_for_single_fd/wait_for_single_fd.bundle
installing default wait_for_single_fd libraries
make[2]: Nothing to be done for `all'.
make[2]: Nothing to be done for `all'.
compiling bigdecimal.c
bigdecimal.c: In function 'BigDecimal_prec':
bigdecimal.c:63:33: warning: variable 'vStack' set but not used [-Wunused-but-set-variable]
 #define ENTER(n) volatile VALUE vStack[n];int iStack=0
                                 ^
bigdecimal.c:315:5: note: in expansion of macro 'ENTER'
     ENTER(1);
     ^
bigdecimal.c: In function 'BigDecimal_hash':
bigdecimal.c:63:33: warning: variable 'vStack' set but not used [-Wunused-but-set-variable]
 #define ENTER(n) volatile VALUE vStack[n];int iStack=0
                                 ^
bigdecimal.c:328:5: note: in expansion of macro 'ENTER'
     ENTER(1);
     ^
bigdecimal.c: In function 'BigDecimal_dump':
bigdecimal.c:63:33: warning: variable 'vStack' set but not used [-Wunused-but-set-variable]
 #define ENTER(n) volatile VALUE vStack[n];int iStack=0
                                 ^
bigdecimal.c:345:5: note: in expansion of macro 'ENTER'
     ENTER(5);
     ^
bigdecimal.c: In function 'BigDecimal_load':
bigdecimal.c:63:33: warning: variable 'vStack' set but not used [-Wunused-but-set-variable]
 #define ENTER(n) volatile VALUE vStack[n];int iStack=0
                                 ^
bigdecimal.c:367:5: note: in expansion of macro 'ENTER'
     ENTER(2);
     ^
bigdecimal.c: In function 'BigDecimal_to_i':
bigdecimal.c:63:33: warning: variable 'vStack' set but not used [-Wunused-but-set-variable]
 #define ENTER(n) volatile VALUE vStack[n];int iStack=0
                                 ^
bigdecimal.c:640:5: note: in expansion of macro 'ENTER'
     ENTER(5);
     ^
bigdecimal.c: In function 'BigDecimal_to_f':
bigdecimal.c:63:33: warning: variable 'vStack' set but not used [-Wunused-but-set-variable]
 #define ENTER(n) volatile VALUE vStack[n];int iStack=0
                                 ^
bigdecimal.c:685:5: note: in expansion of macro 'ENTER'
     ENTER(1);
     ^
bigdecimal.c: In function 'BigDecimal_coerce':
bigdecimal.c:63:33: warning: variable 'vStack' set but not used [-Wunused-but-set-variable]
 #define ENTER(n) volatile VALUE vStack[n];int iStack=0
                                 ^
bigdecimal.c:776:5: note: in expansion of macro 'ENTER'
     ENTER(2);
     ^
bigdecimal.c: In function 'BigDecimal_add':
bigdecimal.c:63:33: warning: variable 'vStack' set but not used [-Wunused-but-set-variable]
 #define ENTER(n) volatile VALUE vStack[n];int iStack=0
                                 ^
bigdecimal.c:817:5: note: in expansion of macro 'ENTER'
     ENTER(5);
     ^
bigdecimal.c: In function 'BigDecimal_sub':
bigdecimal.c:63:33: warning: variable 'vStack' set but not used [-Wunused-but-set-variable]
 #define ENTER(n) volatile VALUE vStack[n];int iStack=0
                                 ^
bigdecimal.c:869:5: note: in expansion of macro 'ENTER'
     ENTER(5);
     ^
bigdecimal.c: In function 'BigDecimalCmp':
bigdecimal.c:63:33: warning: variable 'vStack' set but not used [-Wunused-but-set-variable]
 #define ENTER(n) volatile VALUE vStack[n];int iStack=0
                                 ^
bigdecimal.c:908:5: note: in expansion of macro 'ENTER'
     ENTER(5);
     ^
bigdecimal.c: In function 'BigDecimal_neg':
bigdecimal.c:63:33: warning: variable 'vStack' set but not used [-Wunused-but-set-variable]
 #define ENTER(n) volatile VALUE vStack[n];int iStack=0
                                 ^
bigdecimal.c:1089:5: note: in expansion of macro 'ENTER'
     ENTER(5);
     ^
bigdecimal.c: In function 'BigDecimal_mult':
bigdecimal.c:63:33: warning: variable 'vStack' set but not used [-Wunused-but-set-variable]
 #define ENTER(n) volatile VALUE vStack[n];int iStack=0
                                 ^
bigdecimal.c:1111:5: note: in expansion of macro 'ENTER'
     ENTER(5);
     ^
bigdecimal.c: In function 'BigDecimal_divide':
bigdecimal.c:63:33: warning: variable 'vStack' set but not used [-Wunused-but-set-variable]
 #define ENTER(n) volatile VALUE vStack[n];int iStack=0
                                 ^
bigdecimal.c:1139:5: note: in expansion of macro 'ENTER'
     ENTER(5);
     ^
bigdecimal.c: In function 'BigDecimal_div':
bigdecimal.c:63:33: warning: variable 'vStack' set but not used [-Wunused-but-set-variable]
 #define ENTER(n) volatile VALUE vStack[n];int iStack=0
                                 ^
bigdecimal.c:1188:5: note: in expansion of macro 'ENTER'
     ENTER(5);
     ^
bigdecimal.c: In function 'BigDecimal_DoDivmod':
bigdecimal.c:63:33: warning: variable 'vStack' set but not used [-Wunused-but-set-variable]
 #define ENTER(n) volatile VALUE vStack[n];int iStack=0
                                 ^
bigdecimal.c:1211:5: note: in expansion of macro 'ENTER'
     ENTER(8);
     ^
bigdecimal.c: In function 'BigDecimal_mod':
bigdecimal.c:63:33: warning: variable 'vStack' set but not used [-Wunused-but-set-variable]
 #define ENTER(n) volatile VALUE vStack[n];int iStack=0
                                 ^
bigdecimal.c:1297:5: note: in expansion of macro 'ENTER'
     ENTER(3);
     ^
bigdecimal.c: In function 'BigDecimal_divremain':
bigdecimal.c:63:33: warning: variable 'vStack' set but not used [-Wunused-but-set-variable]
 #define ENTER(n) volatile VALUE vStack[n];int iStack=0
                                 ^
bigdecimal.c:1310:5: note: in expansion of macro 'ENTER'
     ENTER(10);
     ^
bigdecimal.c: In function 'BigDecimal_divmod':
bigdecimal.c:63:33: warning: variable 'vStack' set but not used [-Wunused-but-set-variable]
 #define ENTER(n) volatile VALUE vStack[n];int iStack=0
                                 ^
bigdecimal.c:1389:5: note: in expansion of macro 'ENTER'
     ENTER(5);
     ^
bigdecimal.c: In function 'BigDecimal_div2':
bigdecimal.c:63:33: warning: variable 'vStack' set but not used [-Wunused-but-set-variable]
 #define ENTER(n) volatile VALUE vStack[n];int iStack=0
                                 ^
bigdecimal.c:1402:5: note: in expansion of macro 'ENTER'
     ENTER(5);
     ^
bigdecimal.c: In function 'BigDecimal_add2':
bigdecimal.c:63:33: warning: variable 'vStack' set but not used [-Wunused-but-set-variable]
 #define ENTER(n) volatile VALUE vStack[n];int iStack=0
                                 ^
bigdecimal.c:1438:5: note: in expansion of macro 'ENTER'
     ENTER(2);
     ^
bigdecimal.c: In function 'BigDecimal_sub2':
bigdecimal.c:63:33: warning: variable 'vStack' set but not used [-Wunused-but-set-variable]
 #define ENTER(n) volatile VALUE vStack[n];int iStack=0
                                 ^
bigdecimal.c:1455:5: note: in expansion of macro 'ENTER'
     ENTER(2);
     ^
bigdecimal.c: In function 'BigDecimal_mult2':
bigdecimal.c:63:33: warning: variable 'vStack' set but not used [-Wunused-but-set-variable]
 #define ENTER(n) volatile VALUE vStack[n];int iStack=0
                                 ^
bigdecimal.c:1472:5: note: in expansion of macro 'ENTER'
     ENTER(2);
     ^
bigdecimal.c: In function 'BigDecimal_abs':
bigdecimal.c:63:33: warning: variable 'vStack' set but not used [-Wunused-but-set-variable]
 #define ENTER(n) volatile VALUE vStack[n];int iStack=0
                                 ^
bigdecimal.c:1495:5: note: in expansion of macro 'ENTER'
     ENTER(5);
     ^
bigdecimal.c: In function 'BigDecimal_sqrt':
bigdecimal.c:63:33: warning: variable 'vStack' set but not used [-Wunused-but-set-variable]
 #define ENTER(n) volatile VALUE vStack[n];int iStack=0
                                 ^
bigdecimal.c:1517:5: note: in expansion of macro 'ENTER'
     ENTER(5);
     ^
bigdecimal.c: In function 'BigDecimal_fix':
bigdecimal.c:63:33: warning: variable 'vStack' set but not used [-Wunused-but-set-variable]
 #define ENTER(n) volatile VALUE vStack[n];int iStack=0
                                 ^
bigdecimal.c:1536:5: note: in expansion of macro 'ENTER'
     ENTER(5);
     ^
bigdecimal.c: In function 'BigDecimal_round':
bigdecimal.c:63:33: warning: variable 'vStack' set but not used [-Wunused-but-set-variable]
 #define ENTER(n) volatile VALUE vStack[n];int iStack=0
                                 ^
bigdecimal.c:1572:5: note: in expansion of macro 'ENTER'
     ENTER(5);
     ^
bigdecimal.c: In function 'BigDecimal_truncate':
bigdecimal.c:63:33: warning: variable 'vStack' set but not used [-Wunused-but-set-variable]
 #define ENTER(n) volatile VALUE vStack[n];int iStack=0
                                 ^
bigdecimal.c:1630:5: note: in expansion of macro 'ENTER'
     ENTER(5);
     ^
bigdecimal.c: In function 'BigDecimal_frac':
bigdecimal.c:63:33: warning: variable 'vStack' set but not used [-Wunused-but-set-variable]
 #define ENTER(n) volatile VALUE vStack[n];int iStack=0
                                 ^
bigdecimal.c:1659:5: note: in expansion of macro 'ENTER'
     ENTER(5);
     ^
bigdecimal.c: In function 'BigDecimal_floor':
bigdecimal.c:63:33: warning: variable 'vStack' set but not used [-Wunused-but-set-variable]
 #define ENTER(n) volatile VALUE vStack[n];int iStack=0
                                 ^
bigdecimal.c:1692:5: note: in expansion of macro 'ENTER'
     ENTER(5);
     ^
bigdecimal.c: In function 'BigDecimal_ceil':
bigdecimal.c:63:33: warning: variable 'vStack' set but not used [-Wunused-but-set-variable]
 #define ENTER(n) volatile VALUE vStack[n];int iStack=0
                                 ^
bigdecimal.c:1741:5: note: in expansion of macro 'ENTER'
     ENTER(5);
     ^
bigdecimal.c: In function 'BigDecimal_to_s':
bigdecimal.c:63:33: warning: variable 'vStack' set but not used [-Wunused-but-set-variable]
 #define ENTER(n) volatile VALUE vStack[n];int iStack=0
                                 ^
bigdecimal.c:1798:5: note: in expansion of macro 'ENTER'
     ENTER(5);
     ^
bigdecimal.c: In function 'BigDecimal_split':
bigdecimal.c:63:33: warning: variable 'vStack' set but not used [-Wunused-but-set-variable]
 #define ENTER(n) volatile VALUE vStack[n];int iStack=0
                                 ^
bigdecimal.c:1889:5: note: in expansion of macro 'ENTER'
     ENTER(5);
     ^
bigdecimal.c: In function 'BigDecimal_inspect':
bigdecimal.c:63:33: warning: variable 'vStack' set but not used [-Wunused-but-set-variable]
 #define ENTER(n) volatile VALUE vStack[n];int iStack=0
                                 ^
bigdecimal.c:1943:5: note: in expansion of macro 'ENTER'
     ENTER(5);
     ^
bigdecimal.c: In function 'BigDecimal_power':
bigdecimal.c:63:33: warning: variable 'vStack' set but not used [-Wunused-but-set-variable]
 #define ENTER(n) volatile VALUE vStack[n];int iStack=0
                                 ^
bigdecimal.c:2085:5: note: in expansion of macro 'ENTER'
     ENTER(5);
     ^
bigdecimal.c: In function 'BigDecimal_new':
bigdecimal.c:63:33: warning: variable 'vStack' set but not used [-Wunused-but-set-variable]
 #define ENTER(n) volatile VALUE vStack[n];int iStack=0
                                 ^
bigdecimal.c:2334:5: note: in expansion of macro 'ENTER'
     ENTER(5);
     ^
bigdecimal.c: In function 'VpMult':
bigdecimal.c:4259:36: warning: variable 'ind_be' set but not used [-Wunused-but-set-variable]
     size_t ind_as, ind_ae, ind_bs, ind_be;
                                    ^
bigdecimal.c: In function 'VpCtoV':
bigdecimal.c:5056:12: warning: variable 'loc' set but not used [-Wunused-but-set-variable]
     size_t loc;
            ^
bigdecimal.c: In function 'VpSqrt':
bigdecimal.c:5402:20: warning: variable 'f_prec' set but not used [-Wunused-but-set-variable]
     size_t y_prec, f_prec;
                    ^
linking shared-object bigdecimal.bundle
installing default bigdecimal libraries
compiling continuation.c
linking shared-object continuation.bundle
installing default continuation libraries
compiling coverage.c
linking shared-object coverage.bundle
installing default coverage libraries
compiling curses.c
curses.c: In function 'window_cury':
curses.c:1632:9: warning: variable 'x' set but not used [-Wunused-but-set-variable]
     int x, y;
         ^
curses.c: In function 'window_curx':
curses.c:1648:12: warning: variable 'y' set but not used [-Wunused-but-set-variable]
     int x, y;
            ^
curses.c: In function 'window_maxy':
curses.c:1670:6: warning: variable 'x' set but not used [-Wunused-but-set-variable]
  int x, y;
      ^
curses.c: In function 'window_maxx':
curses.c:1694:9: warning: variable 'y' set but not used [-Wunused-but-set-variable]
  int x, y;
         ^
curses.c: In function 'window_begy':
curses.c:1712:9: warning: variable 'x' set but not used [-Wunused-but-set-variable]
     int x, y;
         ^
curses.c: In function 'window_begx':
curses.c:1732:12: warning: variable 'y' set but not used [-Wunused-but-set-variable]
     int x, y;
            ^
linking shared-object curses.bundle
installing default curses libraries
compiling date_core.c
compiling date_parse.c
compiling date_strftime.c
compiling date_strptime.c
linking shared-object date_core.bundle
installing default date_core libraries
compiling dbm.c
dbm.c: In function 'fdbm_has_value':
dbm.c:818:16: warning: comparison between signed and unsigned integer expressions [-Wsign-compare]
  if (val.dsize == (int)RSTRING_LEN(valstr) &&
                ^
linking shared-object dbm.bundle
installing default dbm libraries
compiling digest.c
linking shared-object digest.bundle
installing digest libraries
installing default digest libraries
compiling bubblebabble.c
linking shared-object digest/bubblebabble.bundle
installing default bubblebabble libraries
compiling md5init.c
compiling md5ossl.c
linking shared-object digest/md5.bundle
installing default md5 libraries
compiling rmd160init.c
compiling rmd160ossl.c
linking shared-object digest/rmd160.bundle
installing default rmd160 libraries
compiling sha1init.c
compiling sha1ossl.c
linking shared-object digest/sha1.bundle
installing default sha1 libraries
compiling sha2init.c
compiling sha2ossl.c
linking shared-object digest/sha2.bundle
installing default sha2 libraries
compiling cfunc.c
compiling cptr.c
cptr.c: In function 'dlptr_init':
cptr.c:78:22: warning: variable 'data' set but not used [-Wunused-but-set-variable]
     struct ptr_data *data;
                      ^
compiling dl.c
compiling handle.c
linking shared-object dl.bundle
installing dl libraries
installing default dl libraries
generating callback.c
compiling callback.c
compiling callback-0.c
callback-0.c: In function 'rb_dl_callback_void_0_0_cdecl':
callback-0.c:12:11: warning: variable 'ret' set but not used [-Wunused-but-set-variable]
     VALUE ret, cb;
           ^
callback-0.c: In function 'rb_dl_callback_void_0_1_cdecl':
callback-0.c:23:11: warning: variable 'ret' set but not used [-Wunused-but-set-variable]
     VALUE ret, cb;
           ^
callback-0.c: In function 'rb_dl_callback_void_0_2_cdecl':
callback-0.c:34:11: warning: variable 'ret' set but not used [-Wunused-but-set-variable]
     VALUE ret, cb;
           ^
callback-0.c: In function 'rb_dl_callback_void_0_3_cdecl':
callback-0.c:45:11: warning: variable 'ret' set but not used [-Wunused-but-set-variable]
     VALUE ret, cb;
           ^
callback-0.c: In function 'rb_dl_callback_void_0_4_cdecl':
callback-0.c:56:11: warning: variable 'ret' set but not used [-Wunused-but-set-variable]
     VALUE ret, cb;
           ^
callback-0.c: In function 'rb_dl_callback_void_1_0_cdecl':
callback-0.c:67:11: warning: variable 'ret' set but not used [-Wunused-but-set-variable]
     VALUE ret, cb, args[1];
           ^
callback-0.c: In function 'rb_dl_callback_void_1_1_cdecl':
callback-0.c:78:11: warning: variable 'ret' set but not used [-Wunused-but-set-variable]
     VALUE ret, cb, args[1];
           ^
callback-0.c: In function 'rb_dl_callback_void_1_2_cdecl':
callback-0.c:89:11: warning: variable 'ret' set but not used [-Wunused-but-set-variable]
     VALUE ret, cb, args[1];
           ^
callback-0.c: In function 'rb_dl_callback_void_1_3_cdecl':
callback-0.c:100:11: warning: variable 'ret' set but not used [-Wunused-but-set-variable]
     VALUE ret, cb, args[1];
           ^
callback-0.c: In function 'rb_dl_callback_void_1_4_cdecl':
callback-0.c:111:11: warning: variable 'ret' set but not used [-Wunused-but-set-variable]
     VALUE ret, cb, args[1];
           ^
callback-0.c: In function 'rb_dl_callback_void_2_0_cdecl':
callback-0.c:122:11: warning: variable 'ret' set but not used [-Wunused-but-set-variable]
     VALUE ret, cb, args[2];
           ^
callback-0.c: In function 'rb_dl_callback_void_2_1_cdecl':
callback-0.c:134:11: warning: variable 'ret' set but not used [-Wunused-but-set-variable]
     VALUE ret, cb, args[2];
           ^
callback-0.c: In function 'rb_dl_callback_void_2_2_cdecl':
callback-0.c:146:11: warning: variable 'ret' set but not used [-Wunused-but-set-variable]
     VALUE ret, cb, args[2];
           ^
callback-0.c: In function 'rb_dl_callback_void_2_3_cdecl':
callback-0.c:158:11: warning: variable 'ret' set but not used [-Wunused-but-set-variable]
     VALUE ret, cb, args[2];
           ^
callback-0.c: In function 'rb_dl_callback_void_2_4_cdecl':
callback-0.c:170:11: warning: variable 'ret' set but not used [-Wunused-but-set-variable]
     VALUE ret, cb, args[2];
           ^
callback-0.c: In function 'rb_dl_callback_void_3_0_cdecl':
callback-0.c:182:11: warning: variable 'ret' set but not used [-Wunused-but-set-variable]
     VALUE ret, cb, args[3];
           ^
callback-0.c: In function 'rb_dl_callback_void_3_1_cdecl':
callback-0.c:195:11: warning: variable 'ret' set but not used [-Wunused-but-set-variable]
     VALUE ret, cb, args[3];
           ^
callback-0.c: In function 'rb_dl_callback_void_3_2_cdecl':
callback-0.c:208:11: warning: variable 'ret' set but not used [-Wunused-but-set-variable]
     VALUE ret, cb, args[3];
           ^
callback-0.c: In function 'rb_dl_callback_void_3_3_cdecl':
callback-0.c:221:11: warning: variable 'ret' set but not used [-Wunused-but-set-variable]
     VALUE ret, cb, args[3];
           ^
callback-0.c: In function 'rb_dl_callback_void_3_4_cdecl':
callback-0.c:234:11: warning: variable 'ret' set but not used [-Wunused-but-set-variable]
     VALUE ret, cb, args[3];
           ^
callback-0.c: In function 'rb_dl_callback_void_4_0_cdecl':
callback-0.c:247:11: warning: variable 'ret' set but not used [-Wunused-but-set-variable]
     VALUE ret, cb, args[4];
           ^
callback-0.c: In function 'rb_dl_callback_void_4_1_cdecl':
callback-0.c:261:11: warning: variable 'ret' set but not used [-Wunused-but-set-variable]
     VALUE ret, cb, args[4];
           ^
callback-0.c: In function 'rb_dl_callback_void_4_2_cdecl':
callback-0.c:275:11: warning: variable 'ret' set but not used [-Wunused-but-set-variable]
     VALUE ret, cb, args[4];
           ^
callback-0.c: In function 'rb_dl_callback_void_4_3_cdecl':
callback-0.c:289:11: warning: variable 'ret' set but not used [-Wunused-but-set-variable]
     VALUE ret, cb, args[4];
           ^
callback-0.c: In function 'rb_dl_callback_void_4_4_cdecl':
callback-0.c:303:11: warning: variable 'ret' set but not used [-Wunused-but-set-variable]
     VALUE ret, cb, args[4];
           ^
callback-0.c: In function 'rb_dl_callback_void_5_0_cdecl':
callback-0.c:317:11: warning: variable 'ret' set but not used [-Wunused-but-set-variable]
     VALUE ret, cb, args[5];
           ^
callback-0.c: In function 'rb_dl_callback_void_5_1_cdecl':
callback-0.c:332:11: warning: variable 'ret' set but not used [-Wunused-but-set-variable]
     VALUE ret, cb, args[5];
           ^
callback-0.c: In function 'rb_dl_callback_void_5_2_cdecl':
callback-0.c:347:11: warning: variable 'ret' set but not used [-Wunused-but-set-variable]
     VALUE ret, cb, args[5];
           ^
callback-0.c: In function 'rb_dl_callback_void_5_3_cdecl':
callback-0.c:362:11: warning: variable 'ret' set but not used [-Wunused-but-set-variable]
     VALUE ret, cb, args[5];
           ^
callback-0.c: In function 'rb_dl_callback_void_5_4_cdecl':
callback-0.c:377:11: warning: variable 'ret' set but not used [-Wunused-but-set-variable]
     VALUE ret, cb, args[5];
           ^
callback-0.c: In function 'rb_dl_callback_void_6_0_cdecl':
callback-0.c:392:11: warning: variable 'ret' set but not used [-Wunused-but-set-variable]
     VALUE ret, cb, args[6];
           ^
callback-0.c: In function 'rb_dl_callback_void_6_1_cdecl':
callback-0.c:408:11: warning: variable 'ret' set but not used [-Wunused-but-set-variable]
     VALUE ret, cb, args[6];
           ^
callback-0.c: In function 'rb_dl_callback_void_6_2_cdecl':
callback-0.c:424:11: warning: variable 'ret' set but not used [-Wunused-but-set-variable]
     VALUE ret, cb, args[6];
           ^
callback-0.c: In function 'rb_dl_callback_void_6_3_cdecl':
callback-0.c:440:11: warning: variable 'ret' set but not used [-Wunused-but-set-variable]
     VALUE ret, cb, args[6];
           ^
callback-0.c: In function 'rb_dl_callback_void_6_4_cdecl':
callback-0.c:456:11: warning: variable 'ret' set but not used [-Wunused-but-set-variable]
     VALUE ret, cb, args[6];
           ^
callback-0.c: In function 'rb_dl_callback_void_7_0_cdecl':
callback-0.c:472:11: warning: variable 'ret' set but not used [-Wunused-but-set-variable]
     VALUE ret, cb, args[7];
           ^
callback-0.c: In function 'rb_dl_callback_void_7_1_cdecl':
callback-0.c:489:11: warning: variable 'ret' set but not used [-Wunused-but-set-variable]
     VALUE ret, cb, args[7];
           ^
callback-0.c: In function 'rb_dl_callback_void_7_2_cdecl':
callback-0.c:506:11: warning: variable 'ret' set but not used [-Wunused-but-set-variable]
     VALUE ret, cb, args[7];
           ^
callback-0.c: In function 'rb_dl_callback_void_7_3_cdecl':
callback-0.c:523:11: warning: variable 'ret' set but not used [-Wunused-but-set-variable]
     VALUE ret, cb, args[7];
           ^
callback-0.c: In function 'rb_dl_callback_void_7_4_cdecl':
callback-0.c:540:11: warning: variable 'ret' set but not used [-Wunused-but-set-variable]
     VALUE ret, cb, args[7];
           ^
callback-0.c: In function 'rb_dl_callback_void_8_0_cdecl':
callback-0.c:557:11: warning: variable 'ret' set but not used [-Wunused-but-set-variable]
     VALUE ret, cb, args[8];
           ^
callback-0.c: In function 'rb_dl_callback_void_8_1_cdecl':
callback-0.c:575:11: warning: variable 'ret' set but not used [-Wunused-but-set-variable]
     VALUE ret, cb, args[8];
           ^
callback-0.c: In function 'rb_dl_callback_void_8_2_cdecl':
callback-0.c:593:11: warning: variable 'ret' set but not used [-Wunused-but-set-variable]
     VALUE ret, cb, args[8];
           ^
callback-0.c: In function 'rb_dl_callback_void_8_3_cdecl':
callback-0.c:611:11: warning: variable 'ret' set but not used [-Wunused-but-set-variable]
     VALUE ret, cb, args[8];
           ^
callback-0.c: In function 'rb_dl_callback_void_8_4_cdecl':
callback-0.c:629:11: warning: variable 'ret' set but not used [-Wunused-but-set-variable]
     VALUE ret, cb, args[8];
           ^
callback-0.c: In function 'rb_dl_callback_void_9_0_cdecl':
callback-0.c:647:11: warning: variable 'ret' set but not used [-Wunused-but-set-variable]
     VALUE ret, cb, args[9];
           ^
callback-0.c: In function 'rb_dl_callback_void_9_1_cdecl':
callback-0.c:666:11: warning: variable 'ret' set but not used [-Wunused-but-set-variable]
     VALUE ret, cb, args[9];
           ^
callback-0.c: In function 'rb_dl_callback_void_9_2_cdecl':
callback-0.c:685:11: warning: variable 'ret' set but not used [-Wunused-but-set-variable]
     VALUE ret, cb, args[9];
           ^
callback-0.c: In function 'rb_dl_callback_void_9_3_cdecl':
callback-0.c:704:11: warning: variable 'ret' set but not used [-Wunused-but-set-variable]
     VALUE ret, cb, args[9];
           ^
callback-0.c: In function 'rb_dl_callback_void_9_4_cdecl':
callback-0.c:723:11: warning: variable 'ret' set but not used [-Wunused-but-set-variable]
     VALUE ret, cb, args[9];
           ^
callback-0.c: In function 'rb_dl_callback_void_10_0_cdecl':
callback-0.c:742:11: warning: variable 'ret' set but not used [-Wunused-but-set-variable]
     VALUE ret, cb, args[10];
           ^
callback-0.c: In function 'rb_dl_callback_void_10_1_cdecl':
callback-0.c:762:11: warning: variable 'ret' set but not used [-Wunused-but-set-variable]
     VALUE ret, cb, args[10];
           ^
callback-0.c: In function 'rb_dl_callback_void_10_2_cdecl':
callback-0.c:782:11: warning: variable 'ret' set but not used [-Wunused-but-set-variable]
     VALUE ret, cb, args[10];
           ^
callback-0.c: In function 'rb_dl_callback_void_10_3_cdecl':
callback-0.c:802:11: warning: variable 'ret' set but not used [-Wunused-but-set-variable]
     VALUE ret, cb, args[10];
           ^
callback-0.c: In function 'rb_dl_callback_void_10_4_cdecl':
callback-0.c:822:11: warning: variable 'ret' set but not used [-Wunused-but-set-variable]
     VALUE ret, cb, args[10];
           ^
callback-0.c: In function 'rb_dl_callback_void_11_0_cdecl':
callback-0.c:842:11: warning: variable 'ret' set but not used [-Wunused-but-set-variable]
     VALUE ret, cb, args[11];
           ^
callback-0.c: In function 'rb_dl_callback_void_11_1_cdecl':
callback-0.c:863:11: warning: variable 'ret' set but not used [-Wunused-but-set-variable]
     VALUE ret, cb, args[11];
           ^
callback-0.c: In function 'rb_dl_callback_void_11_2_cdecl':
callback-0.c:884:11: warning: variable 'ret' set but not used [-Wunused-but-set-variable]
     VALUE ret, cb, args[11];
           ^
callback-0.c: In function 'rb_dl_callback_void_11_3_cdecl':
callback-0.c:905:11: warning: variable 'ret' set but not used [-Wunused-but-set-variable]
     VALUE ret, cb, args[11];
           ^
callback-0.c: In function 'rb_dl_callback_void_11_4_cdecl':
callback-0.c:926:11: warning: variable 'ret' set but not used [-Wunused-but-set-variable]
     VALUE ret, cb, args[11];
           ^
callback-0.c: In function 'rb_dl_callback_void_12_0_cdecl':
callback-0.c:947:11: warning: variable 'ret' set but not used [-Wunused-but-set-variable]
     VALUE ret, cb, args[12];
           ^
callback-0.c: In function 'rb_dl_callback_void_12_1_cdecl':
callback-0.c:969:11: warning: variable 'ret' set but not used [-Wunused-but-set-variable]
     VALUE ret, cb, args[12];
           ^
callback-0.c: In function 'rb_dl_callback_void_12_2_cdecl':
callback-0.c:991:11: warning: variable 'ret' set but not used [-Wunused-but-set-variable]
     VALUE ret, cb, args[12];
           ^
callback-0.c: In function 'rb_dl_callback_void_12_3_cdecl':
callback-0.c:1013:11: warning: variable 'ret' set but not used [-Wunused-but-set-variable]
     VALUE ret, cb, args[12];
           ^
callback-0.c: In function 'rb_dl_callback_void_12_4_cdecl':
callback-0.c:1035:11: warning: variable 'ret' set but not used [-Wunused-but-set-variable]
     VALUE ret, cb, args[12];
           ^
callback-0.c: In function 'rb_dl_callback_void_13_0_cdecl':
callback-0.c:1057:11: warning: variable 'ret' set but not used [-Wunused-but-set-variable]
     VALUE ret, cb, args[13];
           ^
callback-0.c: In function 'rb_dl_callback_void_13_1_cdecl':
callback-0.c:1080:11: warning: variable 'ret' set but not used [-Wunused-but-set-variable]
     VALUE ret, cb, args[13];
           ^
callback-0.c: In function 'rb_dl_callback_void_13_2_cdecl':
callback-0.c:1103:11: warning: variable 'ret' set but not used [-Wunused-but-set-variable]
     VALUE ret, cb, args[13];
           ^
callback-0.c: In function 'rb_dl_callback_void_13_3_cdecl':
callback-0.c:1126:11: warning: variable 'ret' set but not used [-Wunused-but-set-variable]
     VALUE ret, cb, args[13];
           ^
callback-0.c: In function 'rb_dl_callback_void_13_4_cdecl':
callback-0.c:1149:11: warning: variable 'ret' set but not used [-Wunused-but-set-variable]
     VALUE ret, cb, args[13];
           ^
callback-0.c: In function 'rb_dl_callback_void_14_0_cdecl':
callback-0.c:1172:11: warning: variable 'ret' set but not used [-Wunused-but-set-variable]
     VALUE ret, cb, args[14];
           ^
callback-0.c: In function 'rb_dl_callback_void_14_1_cdecl':
callback-0.c:1196:11: warning: variable 'ret' set but not used [-Wunused-but-set-variable]
     VALUE ret, cb, args[14];
           ^
callback-0.c: In function 'rb_dl_callback_void_14_2_cdecl':
callback-0.c:1220:11: warning: variable 'ret' set but not used [-Wunused-but-set-variable]
     VALUE ret, cb, args[14];
           ^
callback-0.c: In function 'rb_dl_callback_void_14_3_cdecl':
callback-0.c:1244:11: warning: variable 'ret' set but not used [-Wunused-but-set-variable]
     VALUE ret, cb, args[14];
           ^
callback-0.c: In function 'rb_dl_callback_void_14_4_cdecl':
callback-0.c:1268:11: warning: variable 'ret' set but not used [-Wunused-but-set-variable]
     VALUE ret, cb, args[14];
           ^
callback-0.c: In function 'rb_dl_callback_void_15_0_cdecl':
callback-0.c:1292:11: warning: variable 'ret' set but not used [-Wunused-but-set-variable]
     VALUE ret, cb, args[15];
           ^
callback-0.c: In function 'rb_dl_callback_void_15_1_cdecl':
callback-0.c:1317:11: warning: variable 'ret' set but not used [-Wunused-but-set-variable]
     VALUE ret, cb, args[15];
           ^
callback-0.c: In function 'rb_dl_callback_void_15_2_cdecl':
callback-0.c:1342:11: warning: variable 'ret' set but not used [-Wunused-but-set-variable]
     VALUE ret, cb, args[15];
           ^
callback-0.c: In function 'rb_dl_callback_void_15_3_cdecl':
callback-0.c:1367:11: warning: variable 'ret' set but not used [-Wunused-but-set-variable]
     VALUE ret, cb, args[15];
           ^
callback-0.c: In function 'rb_dl_callback_void_15_4_cdecl':
callback-0.c:1392:11: warning: variable 'ret' set but not used [-Wunused-but-set-variable]
     VALUE ret, cb, args[15];
           ^
callback-0.c: In function 'rb_dl_callback_void_16_0_cdecl':
callback-0.c:1417:11: warning: variable 'ret' set but not used [-Wunused-but-set-variable]
     VALUE ret, cb, args[16];
           ^
callback-0.c: In function 'rb_dl_callback_void_16_1_cdecl':
callback-0.c:1443:11: warning: variable 'ret' set but not used [-Wunused-but-set-variable]
     VALUE ret, cb, args[16];
           ^
callback-0.c: In function 'rb_dl_callback_void_16_2_cdecl':
callback-0.c:1469:11: warning: variable 'ret' set but not used [-Wunused-but-set-variable]
     VALUE ret, cb, args[16];
           ^
callback-0.c: In function 'rb_dl_callback_void_16_3_cdecl':
callback-0.c:1495:11: warning: variable 'ret' set but not used [-Wunused-but-set-variable]
     VALUE ret, cb, args[16];
           ^
callback-0.c: In function 'rb_dl_callback_void_16_4_cdecl':
callback-0.c:1521:11: warning: variable 'ret' set but not used [-Wunused-but-set-variable]
     VALUE ret, cb, args[16];
           ^
callback-0.c: In function 'rb_dl_callback_void_17_0_cdecl':
callback-0.c:1547:11: warning: variable 'ret' set but not used [-Wunused-but-set-variable]
     VALUE ret, cb, args[17];
           ^
callback-0.c: In function 'rb_dl_callback_void_17_1_cdecl':
callback-0.c:1574:11: warning: variable 'ret' set but not used [-Wunused-but-set-variable]
     VALUE ret, cb, args[17];
           ^
callback-0.c: In function 'rb_dl_callback_void_17_2_cdecl':
callback-0.c:1601:11: warning: variable 'ret' set but not used [-Wunused-but-set-variable]
     VALUE ret, cb, args[17];
           ^
callback-0.c: In function 'rb_dl_callback_void_17_3_cdecl':
callback-0.c:1628:11: warning: variable 'ret' set but not used [-Wunused-but-set-variable]
     VALUE ret, cb, args[17];
           ^
callback-0.c: In function 'rb_dl_callback_void_17_4_cdecl':
callback-0.c:1655:11: warning: variable 'ret' set but not used [-Wunused-but-set-variable]
     VALUE ret, cb, args[17];
           ^
callback-0.c: In function 'rb_dl_callback_void_18_0_cdecl':
callback-0.c:1682:11: warning: variable 'ret' set but not used [-Wunused-but-set-variable]
     VALUE ret, cb, args[18];
           ^
callback-0.c: In function 'rb_dl_callback_void_18_1_cdecl':
callback-0.c:1710:11: warning: variable 'ret' set but not used [-Wunused-but-set-variable]
     VALUE ret, cb, args[18];
           ^
callback-0.c: In function 'rb_dl_callback_void_18_2_cdecl':
callback-0.c:1738:11: warning: variable 'ret' set but not used [-Wunused-but-set-variable]
     VALUE ret, cb, args[18];
           ^
callback-0.c: In function 'rb_dl_callback_void_18_3_cdecl':
callback-0.c:1766:11: warning: variable 'ret' set but not used [-Wunused-but-set-variable]
     VALUE ret, cb, args[18];
           ^
callback-0.c: In function 'rb_dl_callback_void_18_4_cdecl':
callback-0.c:1794:11: warning: variable 'ret' set but not used [-Wunused-but-set-variable]
     VALUE ret, cb, args[18];
           ^
callback-0.c: In function 'rb_dl_callback_void_19_0_cdecl':
callback-0.c:1822:11: warning: variable 'ret' set but not used [-Wunused-but-set-variable]
     VALUE ret, cb, args[19];
           ^
callback-0.c: In function 'rb_dl_callback_void_19_1_cdecl':
callback-0.c:1851:11: warning: variable 'ret' set but not used [-Wunused-but-set-variable]
     VALUE ret, cb, args[19];
           ^
callback-0.c: In function 'rb_dl_callback_void_19_2_cdecl':
callback-0.c:1880:11: warning: variable 'ret' set but not used [-Wunused-but-set-variable]
     VALUE ret, cb, args[19];
           ^
callback-0.c: In function 'rb_dl_callback_void_19_3_cdecl':
callback-0.c:1909:11: warning: variable 'ret' set but not used [-Wunused-but-set-variable]
     VALUE ret, cb, args[19];
           ^
callback-0.c: In function 'rb_dl_callback_void_19_4_cdecl':
callback-0.c:1938:11: warning: variable 'ret' set but not used [-Wunused-but-set-variable]
     VALUE ret, cb, args[19];
           ^
compiling callback-1.c
compiling callback-2.c
compiling callback-3.c
compiling callback-4.c
compiling callback-5.c
compiling callback-6.c
compiling callback-7.c
compiling callback-8.c
linking shared-object dl/callback.bundle
installing default callback libraries
make[2]: Nothing to be done for `all'.
compiling etc.c
linking shared-object etc.bundle
installing default etc libraries
compiling fcntl.c
linking shared-object fcntl.bundle
installing default fcntl libraries
compiling fiber.c
linking shared-object fiber.bundle
installing default fiber libraries
compiling closure.c
compiling conversions.c
compiling fiddle.c
compiling function.c
linking shared-object fiddle.bundle
installing default fiddle libraries
compiling gdbm.c
gdbm.c: In function 'fgdbm_initialize':
gdbm.c:210:25: warning: passing argument 5 of 'gdbm_open' from incompatible pointer type [enabled by default]
                         flags, mode, MY_FATAL_FUNC);
                         ^
In file included from gdbm.c:14:0:
/usr/local/include/gdbm.h:105:18: note: expected 'void (*)(const char *)' but argument is of type 'void (*)(char *)'
 extern GDBM_FILE gdbm_open (const char *, int, int, int,
                  ^
gdbm.c:216:29: warning: passing argument 5 of 'gdbm_open' from incompatible pointer type [enabled by default]
                             GDBM_WRCREAT|flags, mode, MY_FATAL_FUNC);
                             ^
In file included from gdbm.c:14:0:
/usr/local/include/gdbm.h:105:18: note: expected 'void (*)(const char *)' but argument is of type 'void (*)(char *)'
 extern GDBM_FILE gdbm_open (const char *, int, int, int,
                  ^
gdbm.c:219:29: warning: passing argument 5 of 'gdbm_open' from incompatible pointer type [enabled by default]
                             GDBM_WRITER|flags, 0, MY_FATAL_FUNC);
                             ^
In file included from gdbm.c:14:0:
/usr/local/include/gdbm.h:105:18: note: expected 'void (*)(const char *)' but argument is of type 'void (*)(char *)'
 extern GDBM_FILE gdbm_open (const char *, int, int, int,
                  ^
gdbm.c:222:29: warning: passing argument 5 of 'gdbm_open' from incompatible pointer type [enabled by default]
                             GDBM_READER|flags, 0, MY_FATAL_FUNC);
                             ^
In file included from gdbm.c:14:0:
/usr/local/include/gdbm.h:105:18: note: expected 'void (*)(const char *)' but argument is of type 'void (*)(char *)'
 extern GDBM_FILE gdbm_open (const char *, int, int, int,
                  ^
linking shared-object gdbm.bundle
installing default gdbm libraries
compiling iconv.c
iconv.c: In function 'iconv_s_list':
iconv.c:828:5: warning: dereferencing type-punned pointer will break strict-aliasing rules [-Wstrict-aliasing]
     state = *(int *)args;
     ^
linking shared-object iconv.bundle
installing default iconv libraries
compiling console.c
linking shared-object io/console.bundle
installing default console libraries
compiling nonblock.c
linking shared-object io/nonblock.bundle
installing default nonblock libraries
compiling wait.c
linking shared-object io/wait.bundle
installing default wait libraries
installing default libraries
compiling generator.c
In file included from generator.c:1:0:
generator.c: In function 'cState_aref':
generator.h:134:27: warning: variable 'state' set but not used [-Wunused-but-set-variable]
     JSON_Generator_State *state;              \
                           ^
generator.c:745:5: note: in expansion of macro 'GET_STATE'
     GET_STATE(self);
     ^
linking shared-object json/ext/generator.bundle
installing default generator libraries
compiling parser.c
linking shared-object json/ext/parser.bundle
installing default parser libraries
compiling complex.c
linking shared-object mathn/complex.bundle
installing default complex libraries
compiling rational.c
linking shared-object mathn/rational.bundle
installing default rational libraries
compiling nkf.c
nkf.c: In function 'rb_nkf_convert':
nkf.c:138:20: warning: variable 'tmp' set but not used [-Wunused-but-set-variable]
     volatile VALUE tmp;
                    ^
linking shared-object nkf.bundle
installing default nkf libraries
compiling objspace.c
linking shared-object objspace.bundle
installing default objspace libraries
compiling openssl_missing.c
compiling ossl.c
compiling ossl_asn1.c
compiling ossl_bio.c
compiling ossl_bn.c
compiling ossl_cipher.c
compiling ossl_config.c
compiling ossl_digest.c
compiling ossl_engine.c
compiling ossl_hmac.c
compiling ossl_ns_spki.c
compiling ossl_ocsp.c
compiling ossl_pkcs12.c
compiling ossl_pkcs5.c
compiling ossl_pkcs7.c
compiling ossl_pkey.c
compiling ossl_pkey_dh.c
compiling ossl_pkey_dsa.c
compiling ossl_pkey_ec.c
compiling ossl_pkey_rsa.c
compiling ossl_rand.c
compiling ossl_ssl.c
ossl_ssl.c: In function 'ossl_sslctx_session_new_cb':
ossl_ssl.c:382:35: warning: variable 'ret_obj' set but not used [-Wunused-but-set-variable]
     VALUE ary, ssl_obj, sess_obj, ret_obj;
                                   ^
ossl_ssl.c: In function 'ossl_sslctx_session_remove_cb':
ossl_ssl.c:431:38: warning: variable 'ret_obj' set but not used [-Wunused-but-set-variable]
     VALUE ary, sslctx_obj, sess_obj, ret_obj;
                                      ^
ossl_ssl.c: In function 'ssl_servername_cb':
ossl_ssl.c:508:25: warning: variable 'ret_obj' set but not used [-Wunused-but-set-variable]
     VALUE ary, ssl_obj, ret_obj;
                         ^
compiling ossl_ssl_session.c
compiling ossl_x509.c
compiling ossl_x509attr.c
compiling ossl_x509cert.c
compiling ossl_x509crl.c
compiling ossl_x509ext.c
compiling ossl_x509name.c
compiling ossl_x509req.c
compiling ossl_x509revoked.c
compiling ossl_x509store.c
linking shared-object openssl.bundle
installing default openssl libraries
compiling pathname.c
linking shared-object pathname.bundle
installing default pathname libraries
compiling emitter.c
compiling parser.c
compiling psych.c
compiling to_ruby.c
compiling yaml_tree.c
linking shared-object psych.bundle
installing default psych libraries
compiling pty.c
linking shared-object pty.bundle
installing default pty libraries
compiling cparse.c
linking shared-object racc/cparse.bundle
installing default cparse libraries
compiling readline.c
linking shared-object readline.bundle
installing default readline libraries
compiling ripper.c
linking shared-object ripper.bundle
installing default ripper libraries
checking ../.././parse.y and ../.././ext/ripper/eventids2.c
compiling _sdbm.c
compiling init.c
linking shared-object sdbm.bundle
installing default sdbm libraries
generating constant definitions
compiling init.c
compiling constants.c
compiling basicsocket.c
compiling socket.c
compiling ipsocket.c
compiling tcpsocket.c
compiling tcpserver.c
compiling sockssocket.c
compiling udpsocket.c
compiling unixsocket.c
compiling unixserver.c
compiling option.c
compiling ancdata.c
ancdata.c: In function 'bsock_sendmsg_internal':
ancdata.c:1168:13: warning: variable 'last_type' set but not used [-Wunused-but-set-variable]
         int last_type = 0;
             ^
ancdata.c:1167:13: warning: variable 'last_level' set but not used [-Wunused-but-set-variable]
         int last_level = 0;
             ^
compiling raddrinfo.c
raddrinfo.c: In function 'addrinfo_ipv6_unspecified_p':
raddrinfo.c:1773:5: warning: dereferencing type-punned pointer will break strict-aliasing rules [-Wstrict-aliasing]
     if (addr && IN6_IS_ADDR_UNSPECIFIED(addr)) return Qtrue;
     ^
raddrinfo.c:1773:5: warning: dereferencing type-punned pointer will break strict-aliasing rules [-Wstrict-aliasing]
raddrinfo.c:1773:5: warning: dereferencing type-punned pointer will break strict-aliasing rules [-Wstrict-aliasing]
raddrinfo.c:1773:5: warning: dereferencing type-punned pointer will break strict-aliasing rules [-Wstrict-aliasing]
raddrinfo.c: In function 'addrinfo_ipv6_loopback_p':
raddrinfo.c:1785:5: warning: dereferencing type-punned pointer will break strict-aliasing rules [-Wstrict-aliasing]
     if (addr && IN6_IS_ADDR_LOOPBACK(addr)) return Qtrue;
     ^
raddrinfo.c:1785:5: warning: dereferencing type-punned pointer will break strict-aliasing rules [-Wstrict-aliasing]
raddrinfo.c:1785:5: warning: dereferencing type-punned pointer will break strict-aliasing rules [-Wstrict-aliasing]
raddrinfo.c:1785:5: warning: dereferencing type-punned pointer will break strict-aliasing rules [-Wstrict-aliasing]
raddrinfo.c: In function 'addrinfo_ipv6_v4mapped_p':
raddrinfo.c:1833:5: warning: dereferencing type-punned pointer will break strict-aliasing rules [-Wstrict-aliasing]
     if (addr && IN6_IS_ADDR_V4MAPPED(addr)) return Qtrue;
     ^
raddrinfo.c:1833:5: warning: dereferencing type-punned pointer will break strict-aliasing rules [-Wstrict-aliasing]
raddrinfo.c:1833:5: warning: dereferencing type-punned pointer will break strict-aliasing rules [-Wstrict-aliasing]
raddrinfo.c: In function 'addrinfo_ipv6_v4compat_p':
raddrinfo.c:1845:5: warning: dereferencing type-punned pointer will break strict-aliasing rules [-Wstrict-aliasing]
     if (addr && IN6_IS_ADDR_V4COMPAT(addr)) return Qtrue;
     ^
raddrinfo.c:1845:5: warning: dereferencing type-punned pointer will break strict-aliasing rules [-Wstrict-aliasing]
raddrinfo.c:1845:5: warning: dereferencing type-punned pointer will break strict-aliasing rules [-Wstrict-aliasing]
raddrinfo.c:1845:5: warning: dereferencing type-punned pointer will break strict-aliasing rules [-Wstrict-aliasing]
raddrinfo.c:1845:5: warning: dereferencing type-punned pointer will break strict-aliasing rules [-Wstrict-aliasing]
raddrinfo.c: In function 'addrinfo_ipv6_to_ipv4':
raddrinfo.c:1927:5: warning: dereferencing type-punned pointer will break strict-aliasing rules [-Wstrict-aliasing]
     if (IN6_IS_ADDR_V4MAPPED(addr) || IN6_IS_ADDR_V4COMPAT(addr)) {
     ^
raddrinfo.c:1927:5: warning: dereferencing type-punned pointer will break strict-aliasing rules [-Wstrict-aliasing]
raddrinfo.c:1927:5: warning: dereferencing type-punned pointer will break strict-aliasing rules [-Wstrict-aliasing]
raddrinfo.c:1927:5: warning: dereferencing type-punned pointer will break strict-aliasing rules [-Wstrict-aliasing]
raddrinfo.c:1927:5: warning: dereferencing type-punned pointer will break strict-aliasing rules [-Wstrict-aliasing]
raddrinfo.c:1927:5: warning: dereferencing type-punned pointer will break strict-aliasing rules [-Wstrict-aliasing]
raddrinfo.c:1927:5: warning: dereferencing type-punned pointer will break strict-aliasing rules [-Wstrict-aliasing]
raddrinfo.c:1927:5: warning: dereferencing type-punned pointer will break strict-aliasing rules [-Wstrict-aliasing]
linking shared-object socket.bundle
installing default socket libraries
compiling stringio.c
linking shared-object stringio.bundle
installing default stringio libraries
compiling strscan.c
linking shared-object strscan.bundle
installing default strscan libraries
compiling bytecode.c
compiling emitter.c
compiling gram.c
compiling handler.c
compiling implicit.c
compiling node.c
compiling rubyext.c
rubyext.c: In function 'syck_seq_initialize':
rubyext.c:1529:15: warning: variable 'node' set but not used [-Wunused-but-set-variable]
     SyckNode *node;
               ^
compiling syck.c
compiling token.c
token.re: In function 'sycklex_yaml_utf8':
token.re:541:36: warning: variable 'lvl' set but not used [-Wunused-but-set-variable]
compiling yaml2byte.c
linking shared-object syck.bundle
installing default syck libraries
compiling syslog.c
linking shared-object syslog.bundle
installing default syslog libraries
make[2]: Nothing to be done for `all'.
make[2]: Nothing to be done for `all'.
compiling zlib.c
zlib.c: In function 'zstream_sync':
zlib.c:898:11: warning: variable 'rest' set but not used [-Wunused-but-set-variable]
     VALUE rest;
           ^
zlib.c: In function 'gzfile_getc':
zlib.c:2561:20: warning: variable 'res' set but not used [-Wunused-but-set-variable]
  rb_econv_result_t res;
                    ^
linking shared-object zlib.bundle
installing default zlib libraries
linking ruby
