[2015-01-01 15:36:29] alias_create_execute
alias_create_execute () 
{ 
    for _path in "$rvm_rubies_path" "$rvm_environments_path" "$rvm_wrappers_path";
    do
        if [[ -L "$_path/$alias_name" ]]; then
            \command \rm -fv "$_path/$alias_name" || return $?;
        fi;
        \command \ln -fs "$_path/$rvm_ruby_string" "$_path/$alias_name" || return $?;
    done;
    __rvm_db_ "$rvm_path/config/alias" "$alias_name" "$rvm_ruby_string"
}
current path: /Users/CloudFactory
GEM_HOME=/Users/CloudFactory/.rvm/gems/ruby-2.1.4
PATH=/Users/CloudFactory/.rvm/gems/ruby-2.1.4/bin:/Users/CloudFactory/.rvm/gems/ruby-2.1.4@global/bin:/Users/CloudFactory/.rvm/rubies/ruby-2.1.4/bin:/Users/CloudFactory/.rvm/bin:/usr/local/bin:/usr/bin:/bin:/usr/sbin:/sbin
GEM_PATH=/Users/CloudFactory/.rvm/gems/ruby-2.1.4:/Users/CloudFactory/.rvm/gems/ruby-2.1.4@global
command(1): alias_create_execute
+ for _path in '"$rvm_rubies_path"' '"$rvm_environments_path"' '"$rvm_wrappers_path"'
+ [[ -L /Users/CloudFactory/.rvm/rubies/default ]]
+ command ln -fs /Users/CloudFactory/.rvm/rubies/ruby-2.1.4 /Users/CloudFactory/.rvm/rubies/default
+ ln -fs /Users/CloudFactory/.rvm/rubies/ruby-2.1.4 /Users/CloudFactory/.rvm/rubies/default
+ for _path in '"$rvm_rubies_path"' '"$rvm_environments_path"' '"$rvm_wrappers_path"'
+ [[ -L /Users/CloudFactory/.rvm/environments/default ]]
+ command ln -fs /Users/CloudFactory/.rvm/environments/ruby-2.1.4 /Users/CloudFactory/.rvm/environments/default
+ ln -fs /Users/CloudFactory/.rvm/environments/ruby-2.1.4 /Users/CloudFactory/.rvm/environments/default
+ for _path in '"$rvm_rubies_path"' '"$rvm_environments_path"' '"$rvm_wrappers_path"'
+ [[ -L /Users/CloudFactory/.rvm/wrappers/default ]]
+ command ln -fs /Users/CloudFactory/.rvm/wrappers/ruby-2.1.4 /Users/CloudFactory/.rvm/wrappers/default
+ ln -fs /Users/CloudFactory/.rvm/wrappers/ruby-2.1.4 /Users/CloudFactory/.rvm/wrappers/default
+ __rvm_db_ /Users/CloudFactory/.rvm/config/alias default ruby-2.1.4
+ typeset __db __key __value
+ __db=/Users/CloudFactory/.rvm/config/alias
+ __key=default
+ shift 2
+ __value=ruby-2.1.4
+ case "${__value}" in
+ __rvm_db_add /Users/CloudFactory/.rvm/config/alias default ruby-2.1.4
+ typeset __dir=/Users/CloudFactory/.rvm/config
+ [[ -f /Users/CloudFactory/.rvm/config/alias ]]
+ __rvm_db_remove /Users/CloudFactory/.rvm/config/alias default
+ [[ -f /Users/CloudFactory/.rvm/config/alias ]]
+ __rvm_sed -e '\#^default=# d' -e '/^$/d' /Users/CloudFactory/.rvm/config/alias
+ sed -e '\#^default=# d' -e '/^$/d' /Users/CloudFactory/.rvm/config/alias
+ command mv -f /Users/CloudFactory/.rvm/config/alias.new /Users/CloudFactory/.rvm/config/alias
+ mv -f /Users/CloudFactory/.rvm/config/alias.new /Users/CloudFactory/.rvm/config/alias
+ printf '%b=%b\n' default ruby-2.1.4
